<?xml version="1.0" encoding="UTF-8"?>
<!-- Generated by org.testng.reporters.JUnitReportReporter -->
<testsuite hostname="DESKTOP-OGAVKH2" failures="0" tests="1" name="TestSample" time="0.001" errors="0" timestamp="2022-06-04T02:40:15 IST" skipped="0">
  <testcase classname="TestSample" name="testMethod" time="0.001"/>
</testsuite> <!-- TestSample -->
