<?xml version="1.0" encoding="UTF-8"?>
<!-- Generated by org.testng.reporters.JUnitReportReporter -->
<testsuite hostname="DESKTOP-OGAVKH2" failures="0" tests="1" name="com.bdd.runner.TestRunner" time="5.255" errors="0" timestamp="2022-06-04T03:34:20 IST" skipped="0">
  <testcase classname="com.bdd.runner.TestRunner" name="runScenario" time="5.255"/>
</testsuite> <!-- com.bdd.runner.TestRunner -->
