<?xml version="1.0" encoding="UTF-8"?>
<!-- Generated by org.testng.reporters.JUnitReportReporter -->
<testsuite hostname="DESKTOP-OGAVKH2" failures="0" tests="1" name="TestSample" time="0.016" errors="0" timestamp="2022-06-04T01:26:42 IST" skipped="0">
  <testcase classname="TestSample" name="testMethod" time="0.016"/>
</testsuite> <!-- TestSample -->
